<?xml version="1.0" encoding="UTF-8"?>
<beans xmlns="http://www.springframework.org/schema/beans"
	xmlns:xsi="http://www.w3.org/2001/XMLSchema-instance" xmlns:context="http://www.springframework.org/schema/context"
	xmlns:p="http://www.springframework.org/schema/p"
	xsi:schemaLocation="http://www.springframework.org/schema/beans http://www.springframework.org/schema/beans/spring-beans-3.0.xsd
		http://www.springframework.org/schema/context http://www.springframework.org/schema/context/spring-context-3.0.xsd">

	<import resource="classpath*:/META-INF/openlegacy-terminal-basic-context.xml" />
	<bean id="terminalSession" class="org.openlegacy.terminal.support.DefaultTerminalSession" scope="prototype" parent="abstractTerminalSession" />

	<bean id="screensRegistry" class="org.openlegacy.terminal.support.DefaultScreenEntitiesRegistry">
	    <property name="packages">
	        <list>
	            <value>apps.inventory.screens</value>
            </list>
	    </property>
    </bean>
	
</beans>
