<?xml version="1.0" encoding="UTF-8"?>
<beans xmlns="http://www.springframework.org/schema/beans" xmlns:xsi="http://www.w3.org/2001/XMLSchema-instance"
	xmlns:context="http://www.springframework.org/schema/context" xmlns:p="http://www.springframework.org/schema/p"
	xmlns:aop="http://www.springframework.org/schema/aop"
	xsi:schemaLocation="http://www.springframework.org/schema/beans http://www.springframework.org/schema/beans/spring-beans-3.0.xsd
		http://www.springframework.org/schema/context http://www.springframework.org/schema/context/spring-context-3.0.xsd
		http://www.springframework.org/schema/aop http://www.springframework.org/schema/aop/spring-aop-3.0.xsd">

	<import resource="classpath*:/META-INF/openlegacy-terminal-basic-context.xml" />

	<bean id="terminalSession" class="org.openlegacy.terminal.support.DefaultTerminalSession"
		scope="prototype" parent="abstractTerminalSession" />

	<bean id="screensRegistry" class="org.openlegacy.terminal.support.DefaultScreenEntitiesRegistry">
		<property name="packages">
			<list>
				<value>apps.inventory.screens</value>
			</list>
		</property>
	</bean>

	<bean id="terminalConnectionFactory" class="org.openlegacy.terminal.mock.MockTerminalConnectionFactory">
		<property name="root" value="/inventory" />
		<property name="files">
			<list>
				<value>SignOn.xml</value>
				<value>ItemsList.xml</value>
			</list>
		</property>
	</bean>

	<import resource="classpath:/META-INF/openlegacy-webcomponents-context.xml" />

</beans>
